  main.c
c:\users\sydwz\desktop\18电信九班-王振宇-嵌入式-第五次大组作业\代码和头文件\binarytree\main.c(21): warning C4473: “scanf_s”: 没有为格式字符串传递足够的参数
  c:\users\sydwz\desktop\18电信九班-王振宇-嵌入式-第五次大组作业\代码和头文件\binarytree\main.c(21): note: 占位符和其参数预计 2 可变参数，但提供的却是 1 参数
  c:\users\sydwz\desktop\18电信九班-王振宇-嵌入式-第五次大组作业\代码和头文件\binarytree\main.c(21): note: 缺失的可变参数 2 为格式字符串“%c”所需
  c:\users\sydwz\desktop\18电信九班-王振宇-嵌入式-第五次大组作业\代码和头文件\binarytree\main.c(21): note: 此参数用作缓冲区大小
c:\users\sydwz\desktop\18电信九班-王振宇-嵌入式-第五次大组作业\代码和头文件\binarytree\main.c(26): warning C4013: “getch”未定义；假设外部返回 int
c:\users\sydwz\desktop\18电信九班-王振宇-嵌入式-第五次大组作业\代码和头文件\binarytree\main.c(31): warning C4473: “scanf_s”: 没有为格式字符串传递足够的参数
  c:\users\sydwz\desktop\18电信九班-王振宇-嵌入式-第五次大组作业\代码和头文件\binarytree\main.c(31): note: 占位符和其参数预计 2 可变参数，但提供的却是 1 参数
  c:\users\sydwz\desktop\18电信九班-王振宇-嵌入式-第五次大组作业\代码和头文件\binarytree\main.c(31): note: 缺失的可变参数 2 为格式字符串“%c”所需
  c:\users\sydwz\desktop\18电信九班-王振宇-嵌入式-第五次大组作业\代码和头文件\binarytree\main.c(31): note: 此参数用作缓冲区大小
c:\users\sydwz\desktop\18电信九班-王振宇-嵌入式-第五次大组作业\代码和头文件\binarytree\main.c(50): warning C4473: “scanf_s”: 没有为格式字符串传递足够的参数
  c:\users\sydwz\desktop\18电信九班-王振宇-嵌入式-第五次大组作业\代码和头文件\binarytree\main.c(50): note: 占位符和其参数预计 2 可变参数，但提供的却是 1 参数
  c:\users\sydwz\desktop\18电信九班-王振宇-嵌入式-第五次大组作业\代码和头文件\binarytree\main.c(50): note: 缺失的可变参数 2 为格式字符串“%c”所需
  c:\users\sydwz\desktop\18电信九班-王振宇-嵌入式-第五次大组作业\代码和头文件\binarytree\main.c(50): note: 此参数用作缓冲区大小
c:\users\sydwz\desktop\18电信九班-王振宇-嵌入式-第五次大组作业\代码和头文件\binarytree\main.c(87): warning C4013: “CreateBiTree0”未定义；假设外部返回 int
c:\users\sydwz\desktop\18电信九班-王振宇-嵌入式-第五次大组作业\代码和头文件\binarytree\main.c(148): warning C4473: “scanf_s”: 没有为格式字符串传递足够的参数
  c:\users\sydwz\desktop\18电信九班-王振宇-嵌入式-第五次大组作业\代码和头文件\binarytree\main.c(148): note: 占位符和其参数预计 2 可变参数，但提供的却是 1 参数
  c:\users\sydwz\desktop\18电信九班-王振宇-嵌入式-第五次大组作业\代码和头文件\binarytree\main.c(148): note: 缺失的可变参数 2 为格式字符串“%c”所需
  c:\users\sydwz\desktop\18电信九班-王振宇-嵌入式-第五次大组作业\代码和头文件\binarytree\main.c(148): note: 此参数用作缓冲区大小
c:\users\sydwz\desktop\18电信九班-王振宇-嵌入式-第五次大组作业\代码和头文件\binarytree\main.c(112): warning C4996: 'scanf': This function or variable may be unsafe. Consider using scanf_s instead. To disable deprecation, use _CRT_SECURE_NO_WARNINGS. See online help for details.
  c:\program files (x86)\windows kits\10\include\10.0.17763.0\ucrt\stdio.h(1274): note: 参见“scanf”的声明
  VS.vcxproj -> C:\Users\SYDwz\Desktop\18电信九班-王振宇-嵌入式-第五次大组作业\代码和头文件\VS\x64\Debug\VS.exe
