C51 COMPILER V9.01   LIGHTS                                                                04/18/2019 00:29:44 PAGE 1   


C51 COMPILER V9.01, COMPILATION OF MODULE LIGHTS
OBJECT MODULE PLACED IN lights.OBJ
COMPILER INVOKED BY: D:\Program Files\Keil\C51\BIN\C51.EXE lights.c BROWSE DEBUG OBJECTEXTEND

line level    source

   1          #include <reg52.h>
   2          #include <intrins.h>
   3          void delayms(unsigned int xms);
   4          
   5          sbit beep = P3^0;
   6          
   7          unsigned char code table[] = {
   8          0x03, 0x9f, 0x25, 0x0d, 0x99,
   9          0x49, 0x41, 0x1f, 0x01, 0x09
  10          };
  11          
  12          void main()
  13          {
  14   1              int i = 0;
  15   1              int j = 0;
  16   1              unsigned char a = 0xee;
  17   1              while (1) {
  18   2                      P1 = a; 
  19   2                      
  20   2                      for (i = 0; i<50; i++) {
  21   3                              P2 = 0x01;
  22   3                              P0 = table[j / 1000];
  23   3                              beep = ~beep;
  24   3                              delayms(5);
  25   3              
  26   3                              P2 = 0x02;
  27   3                              P0 = table[(j / 100)%10];
  28   3                              beep = ~beep;
  29   3                              delayms(5);
  30   3              
  31   3                              P2 = 0x04;
  32   3                              P0 = table[(j / 10)%10];
  33   3                              beep = ~beep;
  34   3                              delayms(5);
  35   3              
  36   3                              P2 = 0x08;
  37   3                              P0 = table[j%10];
  38   3                              beep = ~beep;
  39   3                              delayms(5);
  40   3                      }
  41   2                      a = _crol_(a,1);
  42   2                      j++;
  43   2                      if (j == 9999)
  44   2                              j = 0;                  
  45   2              }
  46   1      }
  47          
  48          void delayms(unsigned int xms)
  49          {
  50   1              unsigned int i, j;
  51   1              for (i = xms; i > 0; i--)
  52   1                      for (j = 110; j > 0; j--);
  53   1      }


C51 COMPILER V9.01   LIGHTS                                                                04/18/2019 00:29:44 PAGE 2   

MODULE INFORMATION:   STATIC OVERLAYABLE
   CODE SIZE        =    194    ----
   CONSTANT SIZE    =     10    ----
   XDATA SIZE       =   ----    ----
   PDATA SIZE       =   ----    ----
   DATA SIZE        =   ----       5
   IDATA SIZE       =   ----    ----
   BIT SIZE         =   ----    ----
END OF MODULE INFORMATION.


C51 COMPILATION COMPLETE.  0 WARNING(S),  0 ERROR(S)
