  SqStack.c
  main.c
c:\users\sydwz\desktop\qg训练营第二次培训\栈以及栈的应用\栈\代码和头文件\sqstack\main.c(22): warning C4013: “getch”未定义；假设外部返回 int
c:\users\sydwz\desktop\qg训练营第二次培训\栈以及栈的应用\栈\代码和头文件\sqstack\main.c(17): warning C4996: 'scanf': This function or variable may be unsafe. Consider using scanf_s instead. To disable deprecation, use _CRT_SECURE_NO_WARNINGS. See online help for details.
  d:\windows kits\10\include\10.0.17763.0\ucrt\stdio.h(1274): note: 参见“scanf”的声明
c:\users\sydwz\desktop\qg训练营第二次培训\栈以及栈的应用\栈\代码和头文件\sqstack\main.c(27): warning C4996: 'scanf': This function or variable may be unsafe. Consider using scanf_s instead. To disable deprecation, use _CRT_SECURE_NO_WARNINGS. See online help for details.
  d:\windows kits\10\include\10.0.17763.0\ucrt\stdio.h(1274): note: 参见“scanf”的声明
c:\users\sydwz\desktop\qg训练营第二次培训\栈以及栈的应用\栈\代码和头文件\sqstack\main.c(54): warning C4996: 'scanf': This function or variable may be unsafe. Consider using scanf_s instead. To disable deprecation, use _CRT_SECURE_NO_WARNINGS. See online help for details.
  d:\windows kits\10\include\10.0.17763.0\ucrt\stdio.h(1274): note: 参见“scanf”的声明
c:\users\sydwz\desktop\qg训练营第二次培训\栈以及栈的应用\栈\代码和头文件\sqstack\main.c(69): warning C4996: 'scanf': This function or variable may be unsafe. Consider using scanf_s instead. To disable deprecation, use _CRT_SECURE_NO_WARNINGS. See online help for details.
  d:\windows kits\10\include\10.0.17763.0\ucrt\stdio.h(1274): note: 参见“scanf”的声明
c:\users\sydwz\desktop\qg训练营第二次培训\栈以及栈的应用\栈\代码和头文件\sqstack\main.c(89): warning C4996: 'scanf': This function or variable may be unsafe. Consider using scanf_s instead. To disable deprecation, use _CRT_SECURE_NO_WARNINGS. See online help for details.
  d:\windows kits\10\include\10.0.17763.0\ucrt\stdio.h(1274): note: 参见“scanf”的声明
c:\users\sydwz\desktop\qg训练营第二次培训\栈以及栈的应用\栈\代码和头文件\sqstack\main.c(174): warning C4996: 'scanf': This function or variable may be unsafe. Consider using scanf_s instead. To disable deprecation, use _CRT_SECURE_NO_WARNINGS. See online help for details.
  d:\windows kits\10\include\10.0.17763.0\ucrt\stdio.h(1274): note: 参见“scanf”的声明
  正在生成代码
  1 of 15 functions ( 6.7%) were compiled, the rest were copied from previous compilation.
    0 functions were new in current compilation
    0 functions had inline decision re-evaluated but remain unchanged
  已完成代码的生成
  SqStack.vcxproj -> C:\Users\SYDwz\Desktop\QG训练营第二次培训\栈以及栈的应用\栈\代码和头文件\SqStack\Release\SqStack.exe
